<?xml version="1.0" encoding="UTF-8"?>
<testng-results skipped="0" failed="0" ignored="0" total="1" passed="1">
  <reporter-output>
  </reporter-output>
  <suite name="Default suite" duration-ms="4137" started-at="2019-09-24T00:30:28Z" finished-at="2019-09-24T00:30:32Z">
    <groups>
    </groups>
    <test name="Default test" duration-ms="4137" started-at="2019-09-24T00:30:28Z" finished-at="2019-09-24T00:30:32Z">
      <class name="Day1.Auth">
        <test-method status="PASS" signature="f()[pri:0, instance:Day1.Auth@735b5592]" name="f" duration-ms="4116" started-at="2019-09-23T17:30:28Z" finished-at="2019-09-23T17:30:32Z">
          <reporter-output>
          </reporter-output>
        </test-method> <!-- f -->
      </class> <!-- Day1.Auth -->
    </test> <!-- Default test -->
  </suite> <!-- Default suite -->
</testng-results>
